{"/home/sangita/bloglist-frontend-master/src/App.js": {"path":"/home/sangita/bloglist-frontend-master/src/App.js","statementMap":{"0":{"start":{"line":9,"column":12},"end":{"line":196,"column":1}},"1":{"start":{"line":10,"column":28},"end":{"line":10,"column":40}},"2":{"start":{"line":11,"column":34},"end":{"line":11,"column":46}},"3":{"start":{"line":12,"column":34},"end":{"line":12,"column":46}},"4":{"start":{"line":13,"column":42},"end":{"line":13,"column":54}},"5":{"start":{"line":14,"column":32},"end":{"line":14,"column":44}},"6":{"start":{"line":15,"column":26},"end":{"line":15,"column":40}},"7":{"start":{"line":16,"column":30},"end":{"line":16,"column":42}},"8":{"start":{"line":17,"column":30},"end":{"line":17,"column":42}},"9":{"start":{"line":18,"column":28},"end":{"line":18,"column":40}},"10":{"start":{"line":19,"column":24},"end":{"line":19,"column":36}},"11":{"start":{"line":20,"column":18},"end":{"line":26,"column":3}},"12":{"start":{"line":21,"column":4},"end":{"line":21,"column":55}},"13":{"start":{"line":22,"column":4},"end":{"line":24,"column":12}},"14":{"start":{"line":23,"column":6},"end":{"line":23,"column":32}},"15":{"start":{"line":28,"column":23},"end":{"line":47,"column":3}},"16":{"start":{"line":29,"column":4},"end":{"line":45,"column":5}},"17":{"start":{"line":30,"column":6},"end":{"line":30,"column":17}},"18":{"start":{"line":32,"column":9},"end":{"line":45,"column":5}},"19":{"start":{"line":33,"column":6},"end":{"line":37,"column":7}},"20":{"start":{"line":40,"column":6},"end":{"line":44,"column":7}},"21":{"start":{"line":50,"column":17},"end":{"line":50,"column":19}},"22":{"start":{"line":51,"column":4},"end":{"line":59,"column":5}},"23":{"start":{"line":51,"column":21},"end":{"line":51,"column":22}},"24":{"start":{"line":52,"column":22},"end":{"line":52,"column":34}},"25":{"start":{"line":54,"column":6},"end":{"line":58,"column":7}},"26":{"start":{"line":55,"column":8},"end":{"line":57,"column":9}},"27":{"start":{"line":56,"column":10},"end":{"line":56,"column":138}},"28":{"start":{"line":61,"column":4},"end":{"line":63,"column":6}},"29":{"start":{"line":62,"column":6},"end":{"line":62,"column":30}},"30":{"start":{"line":64,"column":4},"end":{"line":64,"column":17}},"31":{"start":{"line":68,"column":2},"end":{"line":73,"column":8}},"32":{"start":{"line":69,"column":4},"end":{"line":71,"column":5}},"33":{"start":{"line":70,"column":6},"end":{"line":70,"column":21}},"34":{"start":{"line":75,"column":2},"end":{"line":84,"column":8}},"35":{"start":{"line":76,"column":27},"end":{"line":76,"column":75}},"36":{"start":{"line":77,"column":4},"end":{"line":83,"column":5}},"37":{"start":{"line":78,"column":19},"end":{"line":78,"column":45}},"38":{"start":{"line":79,"column":6},"end":{"line":79,"column":19}},"39":{"start":{"line":80,"column":6},"end":{"line":81,"column":37}},"40":{"start":{"line":81,"column":8},"end":{"line":81,"column":36}},"41":{"start":{"line":82,"column":6},"end":{"line":82,"column":38}},"42":{"start":{"line":89,"column":22},"end":{"line":111,"column":3}},"43":{"start":{"line":90,"column":4},"end":{"line":90,"column":26}},"44":{"start":{"line":91,"column":4},"end":{"line":109,"column":5}},"45":{"start":{"line":92,"column":19},"end":{"line":94,"column":8}},"46":{"start":{"line":95,"column":6},"end":{"line":97,"column":7}},"47":{"start":{"line":98,"column":6},"end":{"line":98,"column":34}},"48":{"start":{"line":99,"column":6},"end":{"line":99,"column":38}},"49":{"start":{"line":100,"column":6},"end":{"line":100,"column":19}},"50":{"start":{"line":101,"column":6},"end":{"line":101,"column":23}},"51":{"start":{"line":102,"column":6},"end":{"line":102,"column":21}},"52":{"start":{"line":103,"column":6},"end":{"line":103,"column":21}},"53":{"start":{"line":105,"column":6},"end":{"line":105,"column":42}},"54":{"start":{"line":106,"column":6},"end":{"line":108,"column":14}},"55":{"start":{"line":107,"column":8},"end":{"line":107,"column":29}},"56":{"start":{"line":113,"column":21},"end":{"line":132,"column":3}},"57":{"start":{"line":114,"column":4},"end":{"line":114,"column":26}},"58":{"start":{"line":115,"column":20},"end":{"line":119,"column":5}},"59":{"start":{"line":121,"column":4},"end":{"line":126,"column":8}},"60":{"start":{"line":124,"column":8},"end":{"line":124,"column":44}},"61":{"start":{"line":125,"column":8},"end":{"line":125,"column":60}},"62":{"start":{"line":128,"column":4},"end":{"line":130,"column":12}},"63":{"start":{"line":129,"column":6},"end":{"line":129,"column":32}},"64":{"start":{"line":135,"column":19},"end":{"line":147,"column":3}},"65":{"start":{"line":136,"column":4},"end":{"line":146,"column":16}},"66":{"start":{"line":141,"column":44},"end":{"line":141,"column":67}},"67":{"start":{"line":142,"column":43},"end":{"line":142,"column":65}},"68":{"start":{"line":143,"column":41},"end":{"line":143,"column":61}},"69":{"start":{"line":150,"column":2},"end":{"line":178,"column":3}},"70":{"start":{"line":151,"column":4},"end":{"line":177,"column":5}},"71":{"start":{"line":162,"column":40},"end":{"line":162,"column":65}},"72":{"start":{"line":171,"column":40},"end":{"line":171,"column":65}},"73":{"start":{"line":181,"column":2},"end":{"line":191,"column":3}},"74":{"start":{"line":185,"column":54},"end":{"line":185,"column":63}},"75":{"start":{"line":188,"column":8},"end":{"line":188,"column":42}}},"fnMap":{"0":{"name":"(anonymous_0)","decl":{"start":{"line":9,"column":12},"end":{"line":9,"column":13}},"loc":{"start":{"line":9,"column":18},"end":{"line":196,"column":1}},"line":9},"1":{"name":"(anonymous_1)","decl":{"start":{"line":20,"column":18},"end":{"line":20,"column":19}},"loc":{"start":{"line":20,"column":24},"end":{"line":26,"column":3}},"line":20},"2":{"name":"(anonymous_2)","decl":{"start":{"line":22,"column":15},"end":{"line":22,"column":16}},"loc":{"start":{"line":22,"column":27},"end":{"line":24,"column":5}},"line":22},"3":{"name":"(anonymous_3)","decl":{"start":{"line":28,"column":23},"end":{"line":28,"column":24}},"loc":{"start":{"line":28,"column":34},"end":{"line":47,"column":3}},"line":28},"4":{"name":"data","decl":{"start":{"line":49,"column":11},"end":{"line":49,"column":15}},"loc":{"start":{"line":49,"column":29},"end":{"line":65,"column":3}},"line":49},"5":{"name":"(anonymous_5)","decl":{"start":{"line":61,"column":16},"end":{"line":61,"column":17}},"loc":{"start":{"line":61,"column":32},"end":{"line":63,"column":5}},"line":61},"6":{"name":"(anonymous_6)","decl":{"start":{"line":68,"column":12},"end":{"line":68,"column":13}},"loc":{"start":{"line":68,"column":18},"end":{"line":73,"column":3}},"line":68},"7":{"name":"(anonymous_7)","decl":{"start":{"line":69,"column":30},"end":{"line":69,"column":31}},"loc":{"start":{"line":70,"column":6},"end":{"line":70,"column":21}},"line":70},"8":{"name":"(anonymous_8)","decl":{"start":{"line":75,"column":12},"end":{"line":75,"column":13}},"loc":{"start":{"line":75,"column":18},"end":{"line":84,"column":3}},"line":75},"9":{"name":"(anonymous_9)","decl":{"start":{"line":80,"column":32},"end":{"line":80,"column":33}},"loc":{"start":{"line":81,"column":8},"end":{"line":81,"column":36}},"line":81},"10":{"name":"(anonymous_10)","decl":{"start":{"line":89,"column":22},"end":{"line":89,"column":23}},"loc":{"start":{"line":89,"column":39},"end":{"line":111,"column":3}},"line":89},"11":{"name":"(anonymous_11)","decl":{"start":{"line":106,"column":17},"end":{"line":106,"column":18}},"loc":{"start":{"line":106,"column":23},"end":{"line":108,"column":7}},"line":106},"12":{"name":"(anonymous_12)","decl":{"start":{"line":113,"column":21},"end":{"line":113,"column":22}},"loc":{"start":{"line":113,"column":38},"end":{"line":132,"column":3}},"line":113},"13":{"name":"(anonymous_13)","decl":{"start":{"line":123,"column":12},"end":{"line":123,"column":13}},"loc":{"start":{"line":123,"column":28},"end":{"line":126,"column":7}},"line":123},"14":{"name":"(anonymous_14)","decl":{"start":{"line":128,"column":15},"end":{"line":128,"column":16}},"loc":{"start":{"line":128,"column":27},"end":{"line":130,"column":5}},"line":128},"15":{"name":"(anonymous_15)","decl":{"start":{"line":135,"column":19},"end":{"line":135,"column":20}},"loc":{"start":{"line":136,"column":4},"end":{"line":146,"column":16}},"line":136},"16":{"name":"(anonymous_16)","decl":{"start":{"line":141,"column":28},"end":{"line":141,"column":29}},"loc":{"start":{"line":141,"column":44},"end":{"line":141,"column":67}},"line":141},"17":{"name":"(anonymous_17)","decl":{"start":{"line":142,"column":27},"end":{"line":142,"column":28}},"loc":{"start":{"line":142,"column":43},"end":{"line":142,"column":65}},"line":142},"18":{"name":"(anonymous_18)","decl":{"start":{"line":143,"column":25},"end":{"line":143,"column":26}},"loc":{"start":{"line":143,"column":41},"end":{"line":143,"column":61}},"line":143},"19":{"name":"(anonymous_19)","decl":{"start":{"line":162,"column":24},"end":{"line":162,"column":25}},"loc":{"start":{"line":162,"column":40},"end":{"line":162,"column":65}},"line":162},"20":{"name":"(anonymous_20)","decl":{"start":{"line":171,"column":24},"end":{"line":171,"column":25}},"loc":{"start":{"line":171,"column":40},"end":{"line":171,"column":65}},"line":171},"21":{"name":"(anonymous_21)","decl":{"start":{"line":185,"column":48},"end":{"line":185,"column":49}},"loc":{"start":{"line":185,"column":54},"end":{"line":185,"column":63}},"line":185},"22":{"name":"(anonymous_22)","decl":{"start":{"line":187,"column":18},"end":{"line":187,"column":19}},"loc":{"start":{"line":188,"column":8},"end":{"line":188,"column":42}},"line":188}},"branchMap":{"0":{"loc":{"start":{"line":29,"column":4},"end":{"line":45,"column":5}},"type":"if","locations":[{"start":{"line":29,"column":4},"end":{"line":45,"column":5}},{"start":{"line":29,"column":4},"end":{"line":45,"column":5}}],"line":29},"1":{"loc":{"start":{"line":32,"column":9},"end":{"line":45,"column":5}},"type":"if","locations":[{"start":{"line":32,"column":9},"end":{"line":45,"column":5}},{"start":{"line":32,"column":9},"end":{"line":45,"column":5}}],"line":32},"2":{"loc":{"start":{"line":54,"column":6},"end":{"line":58,"column":7}},"type":"if","locations":[{"start":{"line":54,"column":6},"end":{"line":58,"column":7}},{"start":{"line":54,"column":6},"end":{"line":58,"column":7}}],"line":54},"3":{"loc":{"start":{"line":55,"column":8},"end":{"line":57,"column":9}},"type":"if","locations":[{"start":{"line":55,"column":8},"end":{"line":57,"column":9}},{"start":{"line":55,"column":8},"end":{"line":57,"column":9}}],"line":55},"4":{"loc":{"start":{"line":77,"column":4},"end":{"line":83,"column":5}},"type":"if","locations":[{"start":{"line":77,"column":4},"end":{"line":83,"column":5}},{"start":{"line":77,"column":4},"end":{"line":83,"column":5}}],"line":77},"5":{"loc":{"start":{"line":150,"column":2},"end":{"line":178,"column":3}},"type":"if","locations":[{"start":{"line":150,"column":2},"end":{"line":178,"column":3}},{"start":{"line":150,"column":2},"end":{"line":178,"column":3}}],"line":150}},"s":{"0":0,"1":0,"2":0,"3":0,"4":0,"5":0,"6":0,"7":0,"8":0,"9":0,"10":0,"11":0,"12":0,"13":0,"14":0,"15":0,"16":0,"17":0,"18":0,"19":0,"20":0,"21":0,"22":0,"23":0,"24":0,"25":0,"26":0,"27":0,"28":0,"29":0,"30":0,"31":0,"32":0,"33":0,"34":0,"35":0,"36":0,"37":0,"38":0,"39":0,"40":0,"41":0,"42":0,"43":0,"44":0,"45":0,"46":0,"47":0,"48":0,"49":0,"50":0,"51":0,"52":0,"53":0,"54":0,"55":0,"56":0,"57":0,"58":0,"59":0,"60":0,"61":0,"62":0,"63":0,"64":0,"65":0,"66":0,"67":0,"68":0,"69":0,"70":0,"71":0,"72":0,"73":0,"74":0,"75":0},"f":{"0":0,"1":0,"2":0,"3":0,"4":0,"5":0,"6":0,"7":0,"8":0,"9":0,"10":0,"11":0,"12":0,"13":0,"14":0,"15":0,"16":0,"17":0,"18":0,"19":0,"20":0,"21":0,"22":0},"b":{"0":[0,0],"1":[0,0],"2":[0,0],"3":[0,0],"4":[0,0],"5":[0,0]},"hash":"89f4be733ec2ef7f189d7b34170f8af46c9e1703"}
,"/home/sangita/bloglist-frontend-master/src/index.js": {"path":"/home/sangita/bloglist-frontend-master/src/index.js","statementMap":{"0":{"start":{"line":5,"column":0},"end":{"line":5,"column":57}}},"fnMap":{},"branchMap":{},"s":{"0":0},"f":{},"b":{},"hash":"f370d10f50de2b1703f93142f11f106759702a46"}
,"/home/sangita/bloglist-frontend-master/src/components/Blog.js": {"path":"/home/sangita/bloglist-frontend-master/src/components/Blog.js","statementMap":{"0":{"start":{"line":4,"column":13},"end":{"line":44,"column":1}},"1":{"start":{"line":6,"column":20},"end":{"line":12,"column":3}},"2":{"start":{"line":14,"column":22},"end":{"line":18,"column":3}},"3":{"start":{"line":15,"column":4},"end":{"line":17,"column":20}},"4":{"start":{"line":20,"column":22},"end":{"line":29,"column":3}},"5":{"start":{"line":21,"column":4},"end":{"line":28,"column":5}},"6":{"start":{"line":25,"column":53},"end":{"line":25,"column":66}},"7":{"start":{"line":31,"column":19},"end":{"line":35,"column":3}},"8":{"start":{"line":32,"column":4},"end":{"line":34,"column":5}},"9":{"start":{"line":39,"column":2},"end":{"line":43,"column":3}}},"fnMap":{"0":{"name":"(anonymous_0)","decl":{"start":{"line":4,"column":13},"end":{"line":4,"column":14}},"loc":{"start":{"line":4,"column":24},"end":{"line":44,"column":1}},"line":4},"1":{"name":"(anonymous_1)","decl":{"start":{"line":14,"column":22},"end":{"line":14,"column":23}},"loc":{"start":{"line":15,"column":4},"end":{"line":17,"column":20}},"line":15},"2":{"name":"(anonymous_2)","decl":{"start":{"line":20,"column":22},"end":{"line":20,"column":23}},"loc":{"start":{"line":20,"column":28},"end":{"line":29,"column":3}},"line":20},"3":{"name":"(anonymous_3)","decl":{"start":{"line":25,"column":47},"end":{"line":25,"column":48}},"loc":{"start":{"line":25,"column":53},"end":{"line":25,"column":66}},"line":25},"4":{"name":"(anonymous_4)","decl":{"start":{"line":31,"column":19},"end":{"line":31,"column":20}},"loc":{"start":{"line":31,"column":30},"end":{"line":35,"column":3}},"line":31}},"branchMap":{},"s":{"0":1,"1":2,"2":2,"3":2,"4":2,"5":2,"6":0,"7":2,"8":2,"9":2},"f":{"0":2,"1":2,"2":2,"3":0,"4":2},"b":{},"_coverageSchema":"43e27e138ebf9cfc5966b082cf9a028302ed4184","hash":"25f8ac277967338f6e3b34e4e380c12867856f53"}
,"/home/sangita/bloglist-frontend-master/src/components/BlogForm.js": {"path":"/home/sangita/bloglist-frontend-master/src/components/BlogForm.js","statementMap":{"0":{"start":{"line":4,"column":17},"end":{"line":49,"column":1}},"1":{"start":{"line":13,"column":2},"end":{"line":48,"column":3}},"2":{"start":{"line":51,"column":0},"end":{"line":55,"column":1}}},"fnMap":{"0":{"name":"(anonymous_0)","decl":{"start":{"line":4,"column":17},"end":{"line":4,"column":18}},"loc":{"start":{"line":12,"column":6},"end":{"line":49,"column":1}},"line":12}},"branchMap":{},"s":{"0":0,"1":0,"2":0},"f":{"0":0},"b":{},"hash":"b482cec1d666c913f55a306c30f07c4f43d237b1"}
,"/home/sangita/bloglist-frontend-master/src/components/Togglable.js": {"path":"/home/sangita/bloglist-frontend-master/src/components/Togglable.js","statementMap":{"0":{"start":{"line":3,"column":18},"end":{"line":29,"column":2}},"1":{"start":{"line":4,"column":32},"end":{"line":4,"column":47}},"2":{"start":{"line":6,"column":26},"end":{"line":6,"column":60}},"3":{"start":{"line":7,"column":26},"end":{"line":7,"column":60}},"4":{"start":{"line":9,"column":27},"end":{"line":11,"column":3}},"5":{"start":{"line":10,"column":4},"end":{"line":10,"column":24}},"6":{"start":{"line":12,"column":2},"end":{"line":16,"column":4}},"7":{"start":{"line":13,"column":4},"end":{"line":15,"column":5}},"8":{"start":{"line":18,"column":2},"end":{"line":28,"column":3}}},"fnMap":{"0":{"name":"(anonymous_0)","decl":{"start":{"line":3,"column":35},"end":{"line":3,"column":36}},"loc":{"start":{"line":3,"column":51},"end":{"line":29,"column":1}},"line":3},"1":{"name":"(anonymous_1)","decl":{"start":{"line":9,"column":27},"end":{"line":9,"column":28}},"loc":{"start":{"line":9,"column":33},"end":{"line":11,"column":3}},"line":9},"2":{"name":"(anonymous_2)","decl":{"start":{"line":12,"column":27},"end":{"line":12,"column":28}},"loc":{"start":{"line":12,"column":33},"end":{"line":16,"column":3}},"line":12}},"branchMap":{"0":{"loc":{"start":{"line":6,"column":37},"end":{"line":6,"column":58}},"type":"cond-expr","locations":[{"start":{"line":6,"column":47},"end":{"line":6,"column":53}},{"start":{"line":6,"column":56},"end":{"line":6,"column":58}}],"line":6},"1":{"loc":{"start":{"line":7,"column":37},"end":{"line":7,"column":58}},"type":"cond-expr","locations":[{"start":{"line":7,"column":47},"end":{"line":7,"column":49}},{"start":{"line":7,"column":52},"end":{"line":7,"column":58}}],"line":7}},"s":{"0":0,"1":0,"2":0,"3":0,"4":0,"5":0,"6":0,"7":0,"8":0},"f":{"0":0,"1":0,"2":0},"b":{"0":[0,0],"1":[0,0]},"hash":"3e6c6c97bc0b542dec7b7701cac7f37ea53e5c21"}
,"/home/sangita/bloglist-frontend-master/src/components/TogglableHide.js": {"path":"/home/sangita/bloglist-frontend-master/src/components/TogglableHide.js","statementMap":{"0":{"start":{"line":3,"column":22},"end":{"line":29,"column":2}},"1":{"start":{"line":4,"column":32},"end":{"line":4,"column":47}},"2":{"start":{"line":6,"column":26},"end":{"line":6,"column":60}},"3":{"start":{"line":7,"column":26},"end":{"line":7,"column":60}},"4":{"start":{"line":9,"column":27},"end":{"line":11,"column":3}},"5":{"start":{"line":10,"column":4},"end":{"line":10,"column":24}},"6":{"start":{"line":12,"column":2},"end":{"line":16,"column":4}},"7":{"start":{"line":13,"column":4},"end":{"line":15,"column":5}},"8":{"start":{"line":18,"column":2},"end":{"line":28,"column":3}}},"fnMap":{"0":{"name":"(anonymous_0)","decl":{"start":{"line":3,"column":39},"end":{"line":3,"column":40}},"loc":{"start":{"line":3,"column":55},"end":{"line":29,"column":1}},"line":3},"1":{"name":"(anonymous_1)","decl":{"start":{"line":9,"column":27},"end":{"line":9,"column":28}},"loc":{"start":{"line":9,"column":33},"end":{"line":11,"column":3}},"line":9},"2":{"name":"(anonymous_2)","decl":{"start":{"line":12,"column":27},"end":{"line":12,"column":28}},"loc":{"start":{"line":12,"column":33},"end":{"line":16,"column":3}},"line":12}},"branchMap":{"0":{"loc":{"start":{"line":6,"column":37},"end":{"line":6,"column":58}},"type":"cond-expr","locations":[{"start":{"line":6,"column":47},"end":{"line":6,"column":53}},{"start":{"line":6,"column":56},"end":{"line":6,"column":58}}],"line":6},"1":{"loc":{"start":{"line":7,"column":37},"end":{"line":7,"column":58}},"type":"cond-expr","locations":[{"start":{"line":7,"column":47},"end":{"line":7,"column":49}},{"start":{"line":7,"column":52},"end":{"line":7,"column":58}}],"line":7}},"s":{"0":1,"1":3,"2":3,"3":3,"4":3,"5":1,"6":3,"7":0,"8":3},"f":{"0":3,"1":1,"2":0},"b":{"0":[1,2],"1":[1,2]},"_coverageSchema":"43e27e138ebf9cfc5966b082cf9a028302ed4184","hash":"58bf880183ad0630fd76552e4cf712970b082c1d"}
,"/home/sangita/bloglist-frontend-master/src/services/blogs.js": {"path":"/home/sangita/bloglist-frontend-master/src/services/blogs.js","statementMap":{"0":{"start":{"line":2,"column":16},"end":{"line":2,"column":28}},"1":{"start":{"line":4,"column":12},"end":{"line":4,"column":16}},"2":{"start":{"line":6,"column":17},"end":{"line":8,"column":1}},"3":{"start":{"line":7,"column":2},"end":{"line":7,"column":30}},"4":{"start":{"line":10,"column":15},"end":{"line":13,"column":1}},"5":{"start":{"line":11,"column":18},"end":{"line":11,"column":36}},"6":{"start":{"line":12,"column":2},"end":{"line":12,"column":48}},"7":{"start":{"line":12,"column":34},"end":{"line":12,"column":47}},"8":{"start":{"line":15,"column":15},"end":{"line":22,"column":1}},"9":{"start":{"line":16,"column":17},"end":{"line":18,"column":3}},"10":{"start":{"line":20,"column":19},"end":{"line":20,"column":63}},"11":{"start":{"line":21,"column":2},"end":{"line":21,"column":22}}},"fnMap":{"0":{"name":"(anonymous_0)","decl":{"start":{"line":6,"column":17},"end":{"line":6,"column":18}},"loc":{"start":{"line":6,"column":29},"end":{"line":8,"column":1}},"line":6},"1":{"name":"(anonymous_1)","decl":{"start":{"line":10,"column":15},"end":{"line":10,"column":16}},"loc":{"start":{"line":10,"column":21},"end":{"line":13,"column":1}},"line":10},"2":{"name":"(anonymous_2)","decl":{"start":{"line":12,"column":22},"end":{"line":12,"column":23}},"loc":{"start":{"line":12,"column":34},"end":{"line":12,"column":47}},"line":12},"3":{"name":"(anonymous_3)","decl":{"start":{"line":15,"column":15},"end":{"line":15,"column":16}},"loc":{"start":{"line":15,"column":34},"end":{"line":22,"column":1}},"line":15}},"branchMap":{},"s":{"0":0,"1":0,"2":0,"3":0,"4":0,"5":0,"6":0,"7":0,"8":0,"9":0,"10":0,"11":0},"f":{"0":0,"1":0,"2":0,"3":0},"b":{},"hash":"4356d7a54700613b5b090eee4321847a71bc99fb"}
,"/home/sangita/bloglist-frontend-master/src/services/login.js": {"path":"/home/sangita/bloglist-frontend-master/src/services/login.js","statementMap":{"0":{"start":{"line":2,"column":16},"end":{"line":2,"column":28}},"1":{"start":{"line":5,"column":14},"end":{"line":8,"column":1}},"2":{"start":{"line":6,"column":19},"end":{"line":6,"column":57}},"3":{"start":{"line":7,"column":2},"end":{"line":7,"column":22}}},"fnMap":{"0":{"name":"(anonymous_0)","decl":{"start":{"line":5,"column":14},"end":{"line":5,"column":15}},"loc":{"start":{"line":5,"column":35},"end":{"line":8,"column":1}},"line":5}},"branchMap":{},"s":{"0":0,"1":0,"2":0,"3":0},"f":{"0":0},"b":{},"hash":"657dcffe18c713b73ecda27562871e486c75f629"}
}
